<?xml version="1.0" encoding="UTF-8"?>
<!-- Generated by org.testng.reporters.JUnitReportReporter -->
<testsuite hostname="DESKTOP-NRNKTMN" failures="0" tests="4" name="testRunner.TestRunner" time="13.377" errors="0" timestamp="2026-06-24T23:00:10 IST" skipped="0">
  <testcase classname="testRunner.TestRunner" name="runScenario" time="1.660"/>
  <testcase classname="testRunner.TestRunner" name="runScenario" time="10.240"/>
  <testcase classname="testRunner.TestRunner" name="runScenario" time="0.535"/>
  <testcase classname="testRunner.TestRunner" name="runScenario" time="0.942"/>
</testsuite> <!-- testRunner.TestRunner -->
